#
# There is insufficient memory for the Java Runtime Environment to continue.
# Native memory allocation (malloc) failed to allocate 917936 bytes for Chunk::new
# Possible reasons:
#   The system is out of physical RAM or swap space
#   The process is running with CompressedOops enabled, and the Java Heap may be blocking the growth of the native heap
# Possible solutions:
#   Reduce memory load on the system
#   Increase physical memory or swap space
#   Check if swap backing store is full
#   Decrease Java heap size (-Xmx/-Xms)
#   Decrease number of Java threads
#   Decrease Java thread stack sizes (-Xss)
#   Set larger code cache with -XX:ReservedCodeCacheSize=
#   JVM is running with Unscaled Compressed Oops mode in which the Java heap is
#     placed in the first 4GB address space. The Java Heap base address is the
#     maximum limit for the native heap growth. Please use -XX:HeapBaseMinAddress
#     to set the Java Heap base and to place the Java Heap above 4GB virtual address.
# This output file may be truncated or incomplete.
#
#  Out of Memory Error (arena.cpp:189), pid=6868, tid=172
#
# JRE version: OpenJDK Runtime Environment Temurin-17.0.8.1+1 (17.0.8.1+1) (build 17.0.8.1+1)
# Java VM: OpenJDK 64-Bit Server VM Temurin-17.0.8.1+1 (17.0.8.1+1, mixed mode, tiered, compressed oops, compressed class ptrs, g1 gc, windows-amd64)
# No core dump will be written. Minidumps are not enabled by default on client versions of Windows
#

---------------  S U M M A R Y ------------

Command Line: -Dfile.encoding=UTF-8 -Dstdout.encoding=UTF-8 -Dstderr.encoding=UTF-8 -XX:+ShowCodeDetailsInExceptionMessages com.blogApp.BlogAppApisApplication

Host: Intel(R) Core(TM) i3-10100 CPU @ 3.60GHz, 8 cores, 3G,  Windows 11 , 64 bit Build 22621 (10.0.22621.2506)
Time: Tue Jan  9 18:02:32 2024 India Standard Time elapsed time: 397.563049 seconds (0d 0h 6m 37s)

---------------  T H R E A D  ---------------

Current thread (0x000001a73575c7b0):  JavaThread "C2 CompilerThread0" daemon [_thread_in_native, id=172, stack(0x0000004358500000,0x0000004358600000)]


Current CompileTask:
C2: 397563 5758       4       org.springframework.core.annotation.TypeMappedAnnotations$MergedAnnotationFinder::doWithAnnotations (75 bytes)

Stack: [0x0000004358500000,0x0000004358600000]
Native frames: (J=compiled Java code, j=interpreted, Vv=VM code, C=native code)
V  [jvm.dll+0x678b0a]
V  [jvm.dll+0x835e84]
V  [jvm.dll+0x83762e]
V  [jvm.dll+0x837c93]
V  [jvm.dll+0x24746f]
V  [jvm.dll+0xac20c]
V  [jvm.dll+0xac7dc]
V  [jvm.dll+0x2ae7af]
V  [jvm.dll+0x581427]
V  [jvm.dll+0x222602]
V  [jvm.dll+0x21b5e9]
V  [jvm.dll+0x218f0b]
V  [jvm.dll+0x1a534d]
V  [jvm.dll+0x228d8a]
V  [jvm.dll+0x226dcc]
V  [jvm.dll+0x7ec09b]
V  [jvm.dll+0x7e64ca]
V  [jvm.dll+0x677955]
C  [ucrtbase.dll+0x29363]
C  [KERNEL32.DLL+0x1257d]
C  [ntdll.dll+0x5aa58]


---------------  P R O C E S S  ---------------

Threads class SMR info:
_java_thread_list=0x000001a73cf29c30, length=20, elements={
0x000001a73571f530, 0x000001a7357216d0, 0x000001a7357484b0, 0x000001a735749190,
0x000001a73574a890, 0x000001a735752780, 0x000001a73575c7b0, 0x000001a73575f180,
0x000001a7357642e0, 0x000001a7359f7100, 0x000001a735a20440, 0x000001a73b12fd50,
0x000001a73b130770, 0x000001a73c192b00, 0x000001a73c191bd0, 0x000001a73c18e930,
0x000001a73c18cad0, 0x000001a73c18fd70, 0x000001a73c18c0b0, 0x000001a73c18ee40
}

Java Threads: ( => current thread )
  0x000001a73571f530 JavaThread "Reference Handler" daemon [_thread_blocked, id=2732, stack(0x0000004357f00000,0x0000004358000000)]
  0x000001a7357216d0 JavaThread "Finalizer" daemon [_thread_blocked, id=7032, stack(0x0000004358000000,0x0000004358100000)]
  0x000001a7357484b0 JavaThread "Signal Dispatcher" daemon [_thread_blocked, id=5568, stack(0x0000004358100000,0x0000004358200000)]
  0x000001a735749190 JavaThread "Attach Listener" daemon [_thread_blocked, id=7376, stack(0x0000004358200000,0x0000004358300000)]
  0x000001a73574a890 JavaThread "Service Thread" daemon [_thread_blocked, id=17176, stack(0x0000004358300000,0x0000004358400000)]
  0x000001a735752780 JavaThread "Monitor Deflation Thread" daemon [_thread_blocked, id=14840, stack(0x0000004358400000,0x0000004358500000)]
=>0x000001a73575c7b0 JavaThread "C2 CompilerThread0" daemon [_thread_in_native, id=172, stack(0x0000004358500000,0x0000004358600000)]
  0x000001a73575f180 JavaThread "C1 CompilerThread0" daemon [_thread_blocked, id=4356, stack(0x0000004358600000,0x0000004358700000)]
  0x000001a7357642e0 JavaThread "Sweeper thread" daemon [_thread_blocked, id=2204, stack(0x0000004358700000,0x0000004358800000)]
  0x000001a7359f7100 JavaThread "Notification Thread" daemon [_thread_blocked, id=1336, stack(0x0000004358800000,0x0000004358900000)]
  0x000001a735a20440 JavaThread "Common-Cleaner" daemon [_thread_blocked, id=14324, stack(0x0000004358a00000,0x0000004358b00000)]
  0x000001a73b12fd50 JavaThread "mysql-cj-abandoned-connection-cleanup" daemon [_thread_blocked, id=18776, stack(0x0000004359800000,0x0000004359900000)]
  0x000001a73b130770 JavaThread "Live Reload Server" daemon [_thread_in_native, id=8488, stack(0x0000004359f00000,0x000000435a000000)]
  0x000001a73c192b00 JavaThread "DestroyJavaVM" [_thread_blocked, id=17840, stack(0x0000004357800000,0x0000004357900000)]
  0x000001a73c191bd0 JavaThread "Thread-5" [_thread_blocked, id=3856, stack(0x0000004357600000,0x0000004357700000)]
  0x000001a73c18e930 JavaThread "restartedMain" [_thread_in_vm, id=10416, stack(0x0000004358b00000,0x0000004358c00000)]
  0x000001a73c18cad0 JavaThread "Catalina-utility-1" [_thread_blocked, id=6460, stack(0x0000004358c00000,0x0000004358d00000)]
  0x000001a73c18fd70 JavaThread "Catalina-utility-2" [_thread_blocked, id=7096, stack(0x0000004359200000,0x0000004359300000)]
  0x000001a73c18c0b0 JavaThread "container-0" [_thread_blocked, id=1772, stack(0x0000004359600000,0x0000004359700000)]
  0x000001a73c18ee40 JavaThread "HikariPool-2 housekeeper" daemon [_thread_blocked, id=17744, stack(0x0000004359700000,0x0000004359800000)]

Other Threads:
  0x000001a73570c050 VMThread "VM Thread" [stack: 0x0000004357e00000,0x0000004357f00000] [id=6760]
  0x000001a71e08d6d0 WatcherThread [stack: 0x0000004358900000,0x0000004358a00000] [id=6012]
  0x000001a71e069d90 GCTaskThread "GC Thread#0" [stack: 0x0000004357900000,0x0000004357a00000] [id=15580]
  0x000001a73a89d8e0 GCTaskThread "GC Thread#1" [stack: 0x0000004358d00000,0x0000004358e00000] [id=8708]
  0x000001a73a886810 GCTaskThread "GC Thread#2" [stack: 0x0000004358e00000,0x0000004358f00000] [id=11892]
  0x000001a73a886ad0 GCTaskThread "GC Thread#3" [stack: 0x0000004358f00000,0x0000004359000000] [id=9892]
  0x000001a73a886d90 GCTaskThread "GC Thread#4" [stack: 0x0000004359000000,0x0000004359100000] [id=14316]
  0x000001a73a8ba670 GCTaskThread "GC Thread#5" [stack: 0x0000004359100000,0x0000004359200000] [id=15444]
  0x000001a73ac0f1d0 GCTaskThread "GC Thread#6" [stack: 0x0000004359300000,0x0000004359400000] [id=6984]
  0x000001a73ac0f490 GCTaskThread "GC Thread#7" [stack: 0x0000004359400000,0x0000004359500000] [id=5088]
  0x000001a71e0721e0 ConcurrentGCThread "G1 Main Marker" [stack: 0x0000004357a00000,0x0000004357b00000] [id=13608]
  0x000001a71e073400 ConcurrentGCThread "G1 Conc#0" [stack: 0x0000004357b00000,0x0000004357c00000] [id=15652]
  0x000001a73aef3db0 ConcurrentGCThread "G1 Conc#1" [stack: 0x0000004359500000,0x0000004359600000] [id=17948]
  0x000001a71e0c3cd0 ConcurrentGCThread "G1 Refine#0" [stack: 0x0000004357c00000,0x0000004357d00000] [id=2416]
  0x000001a71e0c4610 ConcurrentGCThread "G1 Service" [stack: 0x0000004357d00000,0x0000004357e00000] [id=17536]

Threads with active compile tasks:
C2 CompilerThread0   397586 5758       4       org.springframework.core.annotation.TypeMappedAnnotations$MergedAnnotationFinder::doWithAnnotations (75 bytes)

VM state: not at safepoint (normal execution)

VM Mutex/Monitor currently owned by a thread: None

Heap address: 0x00000000c5800000, size: 936 MB, Compressed Oops mode: 32-bit

CDS archive(s) not mapped
Compressed class space mapped at: 0x0000000100000000-0x0000000140000000, reserved size: 1073741824
Narrow klass base: 0x0000000000000000, Narrow klass shift: 3, Narrow klass range: 0x140000000

GC Precious Log:
 CPUs: 8 total, 8 available
 Memory: 3739M
 Large Page Support: Disabled
 NUMA Support: Disabled
 Compressed Oops: Enabled (32-bit)
 Heap Region Size: 1M
 Heap Min Capacity: 8M
 Heap Initial Capacity: 60M
 Heap Max Capacity: 936M
 Pre-touch: Disabled
 Parallel Workers: 8
 Concurrent Workers: 2
 Concurrent Refinement Workers: 8
 Periodic GC: Disabled

Heap:
 garbage-first heap   total 46080K, used 24137K [0x00000000c5800000, 0x0000000100000000)
  region size 1024K, 3 young (3072K), 1 survivors (1024K)
 Metaspace       used 60801K, committed 61248K, reserved 1114112K
  class space    used 7558K, committed 7744K, reserved 1048576K

Heap Regions: E=young(eden), S=young(survivor), O=old, HS=humongous(starts), HC=humongous(continues), CS=collection set, F=free, OA=open archive, CA=closed archive, TAMS=top-at-mark-start (previous, next)
|   0|0x00000000c5800000, 0x00000000c5900000, 0x00000000c5900000|100%|HS|  |TAMS 0x00000000c5900000, 0x00000000c5800000| Complete 
|   1|0x00000000c5900000, 0x00000000c5a00000, 0x00000000c5a00000|100%| O|  |TAMS 0x00000000c5a00000, 0x00000000c5900000| Untracked 
|   2|0x00000000c5a00000, 0x00000000c5b00000, 0x00000000c5b00000|100%| O|  |TAMS 0x00000000c5b00000, 0x00000000c5a00000| Untracked 
|   3|0x00000000c5b00000, 0x00000000c5bffff8, 0x00000000c5c00000| 99%| O|  |TAMS 0x00000000c5bffff8, 0x00000000c5b00000| Untracked 
|   4|0x00000000c5c00000, 0x00000000c5d00000, 0x00000000c5d00000|100%| O|  |TAMS 0x00000000c5d00000, 0x00000000c5c00000| Untracked 
|   5|0x00000000c5d00000, 0x00000000c5e00000, 0x00000000c5e00000|100%| O|  |TAMS 0x00000000c5e00000, 0x00000000c5d00000| Untracked 
|   6|0x00000000c5e00000, 0x00000000c5effff0, 0x00000000c5f00000| 99%| O|  |TAMS 0x00000000c5effff0, 0x00000000c5e00000| Untracked 
|   7|0x00000000c5f00000, 0x00000000c5fffff8, 0x00000000c6000000| 99%| O|  |TAMS 0x00000000c5fffff8, 0x00000000c5f00000| Untracked 
|   8|0x00000000c6000000, 0x00000000c60ffd98, 0x00000000c6100000| 99%| O|  |TAMS 0x00000000c60ffd98, 0x00000000c6000000| Untracked 
|   9|0x00000000c6100000, 0x00000000c61ffff8, 0x00000000c6200000| 99%| O|  |TAMS 0x00000000c61ffff8, 0x00000000c6100000| Untracked 
|  10|0x00000000c6200000, 0x00000000c62c0a90, 0x00000000c6300000| 75%| O|  |TAMS 0x00000000c62c0a90, 0x00000000c6200000| Untracked 
|  11|0x00000000c6300000, 0x00000000c6400000, 0x00000000c6400000|100%| O|  |TAMS 0x00000000c6400000, 0x00000000c6300000| Untracked 
|  12|0x00000000c6400000, 0x00000000c64fffe0, 0x00000000c6500000| 99%| O|  |TAMS 0x00000000c64fffe0, 0x00000000c6400000| Untracked 
|  13|0x00000000c6500000, 0x00000000c6600000, 0x00000000c6600000|100%| O|  |TAMS 0x00000000c6600000, 0x00000000c6500000| Untracked 
|  14|0x00000000c6600000, 0x00000000c6700000, 0x00000000c6700000|100%| O|  |TAMS 0x00000000c6700000, 0x00000000c6600000| Untracked 
|  15|0x00000000c6700000, 0x00000000c67fffd8, 0x00000000c6800000| 99%| O|  |TAMS 0x00000000c67fffd8, 0x00000000c6700000| Untracked 
|  16|0x00000000c6800000, 0x00000000c6835260, 0x00000000c6900000| 20%| O|  |TAMS 0x00000000c6835260, 0x00000000c6800000| Complete 
|  17|0x00000000c6900000, 0x00000000c6a00000, 0x00000000c6a00000|100%| O|  |TAMS 0x00000000c6a00000, 0x00000000c6900000| Untracked 
|  18|0x00000000c6a00000, 0x00000000c6b00000, 0x00000000c6b00000|100%| O|  |TAMS 0x00000000c6b00000, 0x00000000c6a00000| Untracked 
|  19|0x00000000c6b00000, 0x00000000c6bfffa8, 0x00000000c6c00000| 99%| O|  |TAMS 0x00000000c6bfffa8, 0x00000000c6b00000| Untracked 
|  20|0x00000000c6c00000, 0x00000000c6cfffd8, 0x00000000c6d00000| 99%| O|  |TAMS 0x00000000c6cfffd8, 0x00000000c6c00000| Untracked 
|  21|0x00000000c6d00000, 0x00000000c6d779f0, 0x00000000c6e00000| 46%| O|  |TAMS 0x00000000c6d779f0, 0x00000000c6d00000| Untracked 
|  22|0x00000000c6e00000, 0x00000000c6f00000, 0x00000000c6f00000|100%| O|  |TAMS 0x00000000c6e04e00, 0x00000000c6e00000| Untracked 
|  23|0x00000000c6f00000, 0x00000000c6f28a00, 0x00000000c7000000| 15%| O|  |TAMS 0x00000000c6f00000, 0x00000000c6f00000| Untracked 
|  24|0x00000000c7000000, 0x00000000c7000000, 0x00000000c7100000|  0%| F|  |TAMS 0x00000000c7000000, 0x00000000c7000000| Untracked 
|  25|0x00000000c7100000, 0x00000000c7100000, 0x00000000c7200000|  0%| F|  |TAMS 0x00000000c7100000, 0x00000000c7100000| Untracked 
|  26|0x00000000c7200000, 0x00000000c727e718, 0x00000000c7300000| 49%| O|  |TAMS 0x00000000c727e718, 0x00000000c7200000| Untracked 
|  27|0x00000000c7300000, 0x00000000c7300000, 0x00000000c7400000|  0%| F|  |TAMS 0x00000000c7300000, 0x00000000c7300000| Untracked 
|  28|0x00000000c7400000, 0x00000000c7400000, 0x00000000c7500000|  0%| F|  |TAMS 0x00000000c7400000, 0x00000000c7400000| Untracked 
|  29|0x00000000c7500000, 0x00000000c7500000, 0x00000000c7600000|  0%| F|  |TAMS 0x00000000c7500000, 0x00000000c7500000| Untracked 
|  30|0x00000000c7600000, 0x00000000c7600000, 0x00000000c7700000|  0%| F|  |TAMS 0x00000000c7600000, 0x00000000c7600000| Untracked 
|  31|0x00000000c7700000, 0x00000000c7700000, 0x00000000c7800000|  0%| F|  |TAMS 0x00000000c7700000, 0x00000000c7700000| Untracked 
|  32|0x00000000c7800000, 0x00000000c7800000, 0x00000000c7900000|  0%| F|  |TAMS 0x00000000c7800000, 0x00000000c7800000| Untracked 
|  33|0x00000000c7900000, 0x00000000c7900000, 0x00000000c7a00000|  0%| F|  |TAMS 0x00000000c7900000, 0x00000000c7900000| Untracked 
|  34|0x00000000c7a00000, 0x00000000c7a7e2c0, 0x00000000c7b00000| 49%| S|CS|TAMS 0x00000000c7a00000, 0x00000000c7a00000| Complete 
|  35|0x00000000c7b00000, 0x00000000c7b00000, 0x00000000c7c00000|  0%| F|  |TAMS 0x00000000c7b00000, 0x00000000c7b00000| Untracked 
|  36|0x00000000c7c00000, 0x00000000c7c00000, 0x00000000c7d00000|  0%| F|  |TAMS 0x00000000c7c00000, 0x00000000c7c00000| Untracked 
|  37|0x00000000c7d00000, 0x00000000c7d00000, 0x00000000c7e00000|  0%| F|  |TAMS 0x00000000c7d00000, 0x00000000c7d00000| Untracked 
|  38|0x00000000c7e00000, 0x00000000c7e00000, 0x00000000c7f00000|  0%| F|  |TAMS 0x00000000c7e00000, 0x00000000c7e00000| Untracked 
|  39|0x00000000c7f00000, 0x00000000c7f00000, 0x00000000c8000000|  0%| F|  |TAMS 0x00000000c7f00000, 0x00000000c7f00000| Untracked 
|  40|0x00000000c8000000, 0x00000000c8000000, 0x00000000c8100000|  0%| F|  |TAMS 0x00000000c8000000, 0x00000000c8000000| Untracked 
|  41|0x00000000c8100000, 0x00000000c8100000, 0x00000000c8200000|  0%| F|  |TAMS 0x00000000c8100000, 0x00000000c8100000| Untracked 
|  42|0x00000000c8200000, 0x00000000c8200000, 0x00000000c8300000|  0%| F|  |TAMS 0x00000000c8200000, 0x00000000c8200000| Untracked 
|  56|0x00000000c9000000, 0x00000000c908a3d0, 0x00000000c9100000| 53%| E|  |TAMS 0x00000000c9000000, 0x00000000c9000000| Complete 
|  59|0x00000000c9300000, 0x00000000c9400000, 0x00000000c9400000|100%| E|CS|TAMS 0x00000000c9300000, 0x00000000c9300000| Complete 

Card table byte_map: [0x000001a730c00000,0x000001a730de0000] _byte_map_base: 0x000001a7305d4000

Marking Bits (Prev, Next): (CMBitMap*) 0x000001a71e06a3b0, (CMBitMap*) 0x000001a71e06a3f0
 Prev Bits: [0x000001a730fc0000, 0x000001a731e60000)
 Next Bits: [0x000001a731e60000, 0x000001a732d00000)

Polling page: 0x000001a71bf40000

Metaspace:

Usage:
  Non-class:     52.00 MB used.
      Class:      7.38 MB used.
       Both:     59.38 MB used.

Virtual space:
  Non-class space:       64.00 MB reserved,      52.25 MB ( 82%) committed,  1 nodes.
      Class space:        1.00 GB reserved,       7.56 MB ( <1%) committed,  1 nodes.
             Both:        1.06 GB reserved,      59.81 MB (  5%) committed. 

Chunk freelists:
   Non-Class:  11.67 MB
       Class:  8.32 MB
        Both:  19.99 MB

MaxMetaspaceSize: unlimited
CompressedClassSpaceSize: 1.00 GB
Initial GC threshold: 21.00 MB
Current GC threshold: 99.62 MB
CDS: off
MetaspaceReclaimPolicy: balanced
 - commit_granule_bytes: 65536.
 - commit_granule_words: 8192.
 - virtual_space_node_default_size: 8388608.
 - enlarge_chunks_in_place: 1.
 - new_chunks_are_fully_committed: 0.
 - uncommit_free_chunks: 1.
 - use_allocation_guard: 0.
 - handle_deallocations: 1.


Internal statistics:

num_allocs_failed_limit: 8.
num_arena_births: 626.
num_arena_deaths: 0.
num_vsnodes_births: 2.
num_vsnodes_deaths: 0.
num_space_committed: 957.
num_space_uncommitted: 0.
num_chunks_returned_to_freelist: 8.
num_chunks_taken_from_freelist: 2427.
num_chunk_merges: 8.
num_chunk_splits: 1700.
num_chunks_enlarged: 1290.
num_inconsistent_stats: 0.

CodeHeap 'non-profiled nmethods': size=120000Kb used=2747Kb max_used=3192Kb free=117252Kb
 bounds [0x000001a7291b0000, 0x000001a7294d0000, 0x000001a7306e0000]
CodeHeap 'profiled nmethods': size=120000Kb used=9506Kb max_used=11500Kb free=110494Kb
 bounds [0x000001a7216e0000, 0x000001a722220000, 0x000001a728c10000]
CodeHeap 'non-nmethods': size=5760Kb used=1288Kb max_used=1372Kb free=4471Kb
 bounds [0x000001a728c10000, 0x000001a728e80000, 0x000001a7291b0000]
 total_blobs=5520 nmethods=4916 adapters=514
 compilation: enabled
              stopped_count=0, restarted_count=0
 full_count=0

Compilation events (20 events):
Event: 397.272 Thread 0x000001a73575f180 5829       3       sun.security.jca.ProviderList$ServiceList$1::hasNext (20 bytes)
Event: 397.272 Thread 0x000001a73575f180 nmethod 5829 0x000001a721a7bd90 code [0x000001a721a7bf40, 0x000001a721a7c0e8]
Event: 397.272 Thread 0x000001a73575f180 5830       3       sun.security.jca.ProviderList$ServiceList$1::next (5 bytes)
Event: 397.272 Thread 0x000001a73575f180 nmethod 5830 0x000001a721aa0f90 code [0x000001a721aa1140, 0x000001a721aa1288]
Event: 397.273 Thread 0x000001a73575f180 5831       3       sun.security.ssl.NamedGroup::isPermitted (43 bytes)
Event: 397.274 Thread 0x000001a73575f180 nmethod 5831 0x000001a721a01f90 code [0x000001a721a02140, 0x000001a721a02498]
Event: 397.278 Thread 0x000001a73575f180 5832       3       javax.crypto.spec.GCMParameterSpec::<init> (28 bytes)
Event: 397.278 Thread 0x000001a73575f180 nmethod 5832 0x000001a72185cf90 code [0x000001a72185d160, 0x000001a72185d3f8]
Event: 397.278 Thread 0x000001a73575f180 5833       3       javax.crypto.spec.GCMParameterSpec::init (72 bytes)
Event: 397.279 Thread 0x000001a73575f180 nmethod 5833 0x000001a721edf390 code [0x000001a721edf580, 0x000001a721edfae8]
Event: 397.279 Thread 0x000001a73575f180 5834       3       com.sun.crypto.provider.AESCrypt::init (130 bytes)
Event: 397.280 Thread 0x000001a73575f180 nmethod 5834 0x000001a721940f10 code [0x000001a721941200, 0x000001a721942098]
Event: 397.311 Thread 0x000001a73575f180 5835       3       com.mysql.cj.CharsetMapping::getStaticJavaEncodingForCollationIndex (33 bytes)
Event: 397.312 Thread 0x000001a73575f180 nmethod 5835 0x000001a72190cd90 code [0x000001a72190cf60, 0x000001a72190d398]
Event: 397.312 Thread 0x000001a73575f180 5836       3       com.mysql.cj.MysqlCharset::getMatchingJavaEncoding (39 bytes)
Event: 397.312 Thread 0x000001a73575f180 nmethod 5836 0x000001a72194bc10 code [0x000001a72194be20, 0x000001a72194c478]
Event: 397.412 Thread 0x000001a73575f180 5837       3       com.sun.crypto.provider.GaloisCounterMode::checkReInit (19 bytes)
Event: 397.412 Thread 0x000001a73575f180 nmethod 5837 0x000001a721b2eb90 code [0x000001a721b2ed40, 0x000001a721b2ef28]
Event: 397.446 Thread 0x000001a73575c7b0 nmethod 5760 0x000001a729353590 code [0x000001a729353e40, 0x000001a72935f228]
Event: 397.448 Thread 0x000001a73575c7b0 5758       4       org.springframework.core.annotation.TypeMappedAnnotations$MergedAnnotationFinder::doWithAnnotations (75 bytes)

GC Heap History (20 events):
Event: 7.082 GC heap before
{Heap before GC invocations=18 (full 0):
 garbage-first heap   total 37888K, used 30521K [0x00000000c5800000, 0x0000000100000000)
  region size 1024K, 12 young (12288K), 2 survivors (2048K)
 Metaspace       used 51921K, committed 52352K, reserved 1114112K
  class space    used 6351K, committed 6528K, reserved 1048576K
}
Event: 7.085 GC heap after
{Heap after GC invocations=19 (full 0):
 garbage-first heap   total 37888K, used 21227K [0x00000000c5800000, 0x0000000100000000)
  region size 1024K, 1 young (1024K), 1 survivors (1024K)
 Metaspace       used 51921K, committed 52352K, reserved 1114112K
  class space    used 6351K, committed 6528K, reserved 1048576K
}
Event: 7.348 GC heap before
{Heap before GC invocations=19 (full 0):
 garbage-first heap   total 37888K, used 30443K [0x00000000c5800000, 0x0000000100000000)
  region size 1024K, 10 young (10240K), 1 survivors (1024K)
 Metaspace       used 54497K, committed 54912K, reserved 1114112K
  class space    used 6665K, committed 6848K, reserved 1048576K
}
Event: 7.350 GC heap after
{Heap after GC invocations=20 (full 0):
 garbage-first heap   total 37888K, used 21659K [0x00000000c5800000, 0x0000000100000000)
  region size 1024K, 2 young (2048K), 2 survivors (2048K)
 Metaspace       used 54497K, committed 54912K, reserved 1114112K
  class space    used 6665K, committed 6848K, reserved 1048576K
}
Event: 7.752 GC heap before
{Heap before GC invocations=21 (full 0):
 garbage-first heap   total 40960K, used 28827K [0x00000000c5800000, 0x0000000100000000)
  region size 1024K, 10 young (10240K), 2 survivors (2048K)
 Metaspace       used 56787K, committed 57216K, reserved 1114112K
  class space    used 7080K, committed 7296K, reserved 1048576K
}
Event: 7.755 GC heap after
{Heap after GC invocations=22 (full 0):
 garbage-first heap   total 40960K, used 22274K [0x00000000c5800000, 0x0000000100000000)
  region size 1024K, 2 young (2048K), 2 survivors (2048K)
 Metaspace       used 56787K, committed 57216K, reserved 1114112K
  class space    used 7080K, committed 7296K, reserved 1048576K
}
Event: 7.956 GC heap before
{Heap before GC invocations=22 (full 0):
 garbage-first heap   total 40960K, used 32514K [0x00000000c5800000, 0x0000000100000000)
  region size 1024K, 12 young (12288K), 2 survivors (2048K)
 Metaspace       used 57990K, committed 58496K, reserved 1114112K
  class space    used 7244K, committed 7488K, reserved 1048576K
}
Event: 7.959 GC heap after
{Heap after GC invocations=23 (full 0):
 garbage-first heap   total 40960K, used 23420K [0x00000000c5800000, 0x0000000100000000)
  region size 1024K, 2 young (2048K), 2 survivors (2048K)
 Metaspace       used 57990K, committed 58496K, reserved 1114112K
  class space    used 7244K, committed 7488K, reserved 1048576K
}
Event: 8.748 GC heap before
{Heap before GC invocations=24 (full 0):
 garbage-first heap   total 43008K, used 31612K [0x00000000c5800000, 0x0000000100000000)
  region size 1024K, 10 young (10240K), 2 survivors (2048K)
 Metaspace       used 59181K, committed 59648K, reserved 1114112K
  class space    used 7393K, committed 7616K, reserved 1048576K
}
Event: 8.752 GC heap after
{Heap after GC invocations=25 (full 0):
 garbage-first heap   total 43008K, used 24487K [0x00000000c5800000, 0x0000000100000000)
  region size 1024K, 2 young (2048K), 2 survivors (2048K)
 Metaspace       used 59181K, committed 59648K, reserved 1114112K
  class space    used 7393K, committed 7616K, reserved 1048576K
}
Event: 67.508 GC heap before
{Heap before GC invocations=25 (full 0):
 garbage-first heap   total 43008K, used 33703K [0x00000000c5800000, 0x0000000100000000)
  region size 1024K, 11 young (11264K), 2 survivors (2048K)
 Metaspace       used 60117K, committed 60608K, reserved 1114112K
  class space    used 7520K, committed 7744K, reserved 1048576K
}
Event: 67.667 GC heap after
{Heap after GC invocations=26 (full 0):
 garbage-first heap   total 43008K, used 25024K [0x00000000c5800000, 0x0000000100000000)
  region size 1024K, 1 young (1024K), 1 survivors (1024K)
 Metaspace       used 60117K, committed 60608K, reserved 1114112K
  class space    used 7520K, committed 7744K, reserved 1048576K
}
Event: 391.231 GC heap before
{Heap before GC invocations=27 (full 0):
 garbage-first heap   total 45056K, used 30144K [0x00000000c5800000, 0x0000000100000000)
  region size 1024K, 7 young (7168K), 1 survivors (1024K)
 Metaspace       used 60365K, committed 60800K, reserved 1114112K
  class space    used 7553K, committed 7744K, reserved 1048576K
}
Event: 392.676 GC heap after
{Heap after GC invocations=28 (full 1):
 garbage-first heap   total 45056K, used 20398K [0x00000000c5800000, 0x0000000100000000)
  region size 1024K, 0 young (0K), 0 survivors (0K)
 Metaspace       used 60365K, committed 60800K, reserved 1114112K
  class space    used 7553K, committed 7744K, reserved 1048576K
}
Event: 394.360 GC heap before
{Heap before GC invocations=28 (full 1):
 garbage-first heap   total 45056K, used 32686K [0x00000000c5800000, 0x0000000100000000)
  region size 1024K, 12 young (12288K), 0 survivors (0K)
 Metaspace       used 60504K, committed 60992K, reserved 1114112K
  class space    used 7556K, committed 7744K, reserved 1048576K
}
Event: 394.387 GC heap after
{Heap after GC invocations=29 (full 1):
 garbage-first heap   total 45056K, used 22089K [0x00000000c5800000, 0x0000000100000000)
  region size 1024K, 2 young (2048K), 2 survivors (2048K)
 Metaspace       used 60504K, committed 60992K, reserved 1114112K
  class space    used 7556K, committed 7744K, reserved 1048576K
}
Event: 395.937 GC heap before
{Heap before GC invocations=30 (full 1):
 garbage-first heap   total 45056K, used 33353K [0x00000000c5800000, 0x0000000100000000)
  region size 1024K, 13 young (13312K), 2 survivors (2048K)
 Metaspace       used 60693K, committed 61120K, reserved 1114112K
  class space    used 7558K, committed 7744K, reserved 1048576K
}
Event: 395.951 GC heap after
{Heap after GC invocations=31 (full 1):
 garbage-first heap   total 45056K, used 22749K [0x00000000c5800000, 0x0000000100000000)
  region size 1024K, 2 young (2048K), 2 survivors (2048K)
 Metaspace       used 60693K, committed 61120K, reserved 1114112K
  class space    used 7558K, committed 7744K, reserved 1048576K
}
Event: 396.789 GC heap before
{Heap before GC invocations=31 (full 1):
 garbage-first heap   total 45056K, used 31965K [0x00000000c5800000, 0x0000000100000000)
  region size 1024K, 11 young (11264K), 2 survivors (2048K)
 Metaspace       used 60773K, committed 61184K, reserved 1114112K
  class space    used 7558K, committed 7744K, reserved 1048576K
}
Event: 396.793 GC heap after
{Heap after GC invocations=32 (full 1):
 garbage-first heap   total 45056K, used 23113K [0x00000000c5800000, 0x0000000100000000)
  region size 1024K, 1 young (1024K), 1 survivors (1024K)
 Metaspace       used 60773K, committed 61184K, reserved 1114112K
  class space    used 7558K, committed 7744K, reserved 1048576K
}

Dll operation events (9 events):
Event: 0.097 Loaded shared library D:\New Folder\sts-4.20.1.RELEASE\plugins\org.eclipse.justj.openjdk.hotspot.jre.full.win32.x86_64_17.0.8.v20230831-1047\jre\bin\java.dll
Event: 0.304 Loaded shared library D:\New Folder\sts-4.20.1.RELEASE\plugins\org.eclipse.justj.openjdk.hotspot.jre.full.win32.x86_64_17.0.8.v20230831-1047\jre\bin\net.dll
Event: 0.308 Loaded shared library D:\New Folder\sts-4.20.1.RELEASE\plugins\org.eclipse.justj.openjdk.hotspot.jre.full.win32.x86_64_17.0.8.v20230831-1047\jre\bin\nio.dll
Event: 0.316 Loaded shared library D:\New Folder\sts-4.20.1.RELEASE\plugins\org.eclipse.justj.openjdk.hotspot.jre.full.win32.x86_64_17.0.8.v20230831-1047\jre\bin\zip.dll
Event: 0.542 Loaded shared library D:\New Folder\sts-4.20.1.RELEASE\plugins\org.eclipse.justj.openjdk.hotspot.jre.full.win32.x86_64_17.0.8.v20230831-1047\jre\bin\jimage.dll
Event: 0.927 Loaded shared library D:\New Folder\sts-4.20.1.RELEASE\plugins\org.eclipse.justj.openjdk.hotspot.jre.full.win32.x86_64_17.0.8.v20230831-1047\jre\bin\management.dll
Event: 0.939 Loaded shared library D:\New Folder\sts-4.20.1.RELEASE\plugins\org.eclipse.justj.openjdk.hotspot.jre.full.win32.x86_64_17.0.8.v20230831-1047\jre\bin\management_ext.dll
Event: 2.659 Loaded shared library D:\New Folder\sts-4.20.1.RELEASE\plugins\org.eclipse.justj.openjdk.hotspot.jre.full.win32.x86_64_17.0.8.v20230831-1047\jre\bin\sunmscapi.dll
Event: 5.277 Loaded shared library D:\New Folder\sts-4.20.1.RELEASE\plugins\org.eclipse.justj.openjdk.hotspot.jre.full.win32.x86_64_17.0.8.v20230831-1047\jre\bin\verify.dll

Deoptimization events (20 events):
Event: 394.064 Thread 0x000001a73c18e930 Uncommon trap: trap_request=0xffffff45 fr.pc=0x000001a7293f111c relative=0x0000000000005b7c
Event: 394.064 Thread 0x000001a73c18e930 Uncommon trap: reason=unstable_if action=reinterpret pc=0x000001a7293f111c method=org.springframework.core.annotation.AnnotationsScanner.processClassHierarchy(Ljava/lang/Object;[ILjava/lang/Class;Lorg/springframework/core/annotation/AnnotationsProcessor;Z
Event: 394.064 Thread 0x000001a73c18e930 DEOPT PACKING pc=0x000001a7293f111c sp=0x0000004358bfd4c0
Event: 394.072 Thread 0x000001a73c18e930 DEOPT UNPACKING pc=0x000001a728c669a3 sp=0x0000004358bfd508 mode 2
Event: 395.583 Thread 0x000001a73c18e930 Uncommon trap: trap_request=0xffffffde fr.pc=0x000001a729455264 relative=0x0000000000000a44
Event: 395.583 Thread 0x000001a73c18e930 Uncommon trap: reason=class_check action=maybe_recompile pc=0x000001a729455264 method=org.springframework.core.annotation.AnnotationsScanner.processMethodInheritedAnnotations(Ljava/lang/Object;Ljava/lang/reflect/Method;Lorg/springframework/core/annotation
Event: 395.583 Thread 0x000001a73c18e930 DEOPT PACKING pc=0x000001a729455264 sp=0x0000004358bfded0
Event: 395.583 Thread 0x000001a73c18e930 DEOPT UNPACKING pc=0x000001a728c669a3 sp=0x0000004358bfdd50 mode 2
Event: 395.587 Thread 0x000001a73c18e930 Uncommon trap: trap_request=0xffffffde fr.pc=0x000001a729455264 relative=0x0000000000000a44
Event: 395.588 Thread 0x000001a73c18e930 Uncommon trap: reason=class_check action=maybe_recompile pc=0x000001a729455264 method=org.springframework.core.annotation.AnnotationsScanner.processMethodInheritedAnnotations(Ljava/lang/Object;Ljava/lang/reflect/Method;Lorg/springframework/core/annotation
Event: 395.588 Thread 0x000001a73c18e930 DEOPT PACKING pc=0x000001a729455264 sp=0x0000004358bfde60
Event: 395.588 Thread 0x000001a73c18e930 DEOPT UNPACKING pc=0x000001a728c669a3 sp=0x0000004358bfdce0 mode 2
Event: 395.752 Thread 0x000001a73c18e930 Uncommon trap: trap_request=0xfffffff4 fr.pc=0x000001a72944eef8 relative=0x00000000000038f8
Event: 395.752 Thread 0x000001a73c18e930 Uncommon trap: reason=null_check action=make_not_entrant pc=0x000001a72944eef8 method=java.lang.Class.getMethodsRecursive(Ljava/lang/String;[Ljava/lang/Class;Z)Ljava/lang/PublicMethods$MethodList; @ 26 c2
Event: 395.752 Thread 0x000001a73c18e930 DEOPT PACKING pc=0x000001a72944eef8 sp=0x0000004358bfd330
Event: 395.752 Thread 0x000001a73c18e930 DEOPT UNPACKING pc=0x000001a728c669a3 sp=0x0000004358bfd308 mode 2
Event: 396.689 Thread 0x000001a73c18e930 Uncommon trap: trap_request=0xffffff45 fr.pc=0x000001a729435118 relative=0x0000000000002378
Event: 396.690 Thread 0x000001a73c18e930 Uncommon trap: reason=unstable_if action=reinterpret pc=0x000001a729435118 method=org.springframework.core.annotation.AnnotationsScanner.processClassInheritedAnnotations(Ljava/lang/Object;Ljava/lang/Class;Lorg/springframework/core/annotation/MergedAnnotat
Event: 396.690 Thread 0x000001a73c18e930 DEOPT PACKING pc=0x000001a729435118 sp=0x0000004358bfb750
Event: 396.692 Thread 0x000001a73c18e930 DEOPT UNPACKING pc=0x000001a728c669a3 sp=0x0000004358bfb4c0 mode 2

Classes unloaded (0 events):
No events

Classes redefined (0 events):
No events

Internal exceptions (20 events):
Event: 389.576 Thread 0x000001a73c191bd0 Exception <a 'java/lang/NoSuchMethodError'{0x00000000c7fa3b08}: 'java.lang.Object java.lang.invoke.Invokers$Holder.linkToTargetMethod(java.lang.Object, int, java.lang.Object, java.lang.Object)'> (0x00000000c7fa3b08) 
thrown [s\src\hotspot\share\interpreter\linkResolver.cpp, line 759]
Event: 390.485 Thread 0x000001a73c191bd0 Exception <a 'java/lang/NoSuchMethodError'{0x00000000c7e76e80}: 'int java.lang.invoke.DirectMethodHandle$Holder.invokeStatic(java.lang.Object, int, java.lang.Object)'> (0x00000000c7e76e80) 
thrown [s\src\hotspot\share\interpreter\linkResolver.cpp, line 759]
Event: 390.710 Thread 0x000001a73c18d4f0 Exception <a 'java/net/SocketException'{0x00000000c7e7b8e0}: Connection reset by peer: shutdown> (0x00000000c7e7b8e0) 
thrown [s\src\hotspot\share\prims\jni.cpp, line 535]
Event: 391.216 Thread 0x000001a73b12ee20 Exception <a 'java/lang/InterruptedException'{0x00000000c7ebdf20}: sleep interrupted> (0x00000000c7ebdf20) 
thrown [s\src\hotspot\share\prims\jvm.cpp, line 3070]
Event: 392.944 Thread 0x000001a73c18e930 Exception <a 'sun/nio/fs/WindowsException'{0x00000000c9378940}> (0x00000000c9378940) 
thrown [s\src\hotspot\share\prims\jni.cpp, line 516]
Event: 393.242 Thread 0x000001a73c18e930 Exception <a 'sun/nio/fs/WindowsException'{0x00000000c81a61f0}> (0x00000000c81a61f0) 
thrown [s\src\hotspot\share\prims\jni.cpp, line 516]
Event: 395.128 Thread 0x000001a73c18e930 Exception <a 'sun/nio/fs/WindowsException'{0x00000000c7d788c0}> (0x00000000c7d788c0) 
thrown [s\src\hotspot\share\prims\jni.cpp, line 516]
Event: 395.669 Thread 0x000001a73c18e930 Exception <a 'java/lang/NoClassDefFoundError'{0x00000000c7be9a88}: org/flywaydb/core/Flyway> (0x00000000c7be9a88) 
thrown [s\src\hotspot\share\oops\constantPool.cpp, line 835]
Event: 395.671 Thread 0x000001a73c18e930 Exception <a 'java/lang/NoClassDefFoundError'{0x00000000c7bea0d8}: liquibase/integration/spring/SpringLiquibase> (0x00000000c7bea0d8) 
thrown [s\src\hotspot\share\oops\constantPool.cpp, line 835]
Event: 395.699 Thread 0x000001a73c18e930 Exception <a 'java/lang/NoClassDefFoundError'{0x00000000c7a3f540}: org/jooq/DSLContext> (0x00000000c7a3f540) 
thrown [s\src\hotspot\share\oops\constantPool.cpp, line 835]
Event: 395.700 Thread 0x000001a73c18e930 Exception <a 'java/lang/NoClassDefFoundError'{0x00000000c7a49320}: org/springframework/batch/core/repository/JobRepository> (0x00000000c7a49320) 
thrown [s\src\hotspot\share\oops\constantPool.cpp, line 835]
Event: 395.700 Thread 0x000001a73c18e930 Exception <a 'java/lang/NoClassDefFoundError'{0x00000000c7a49968}: org/quartz/Scheduler> (0x00000000c7a49968) 
thrown [s\src\hotspot\share\oops\constantPool.cpp, line 835]
Event: 395.700 Thread 0x000001a73c18e930 Exception <a 'java/lang/NoClassDefFoundError'{0x00000000c7a49fd8}: org/springframework/session/jdbc/JdbcIndexedSessionRepository> (0x00000000c7a49fd8) 
thrown [s\src\hotspot\share\oops\constantPool.cpp, line 835]
Event: 395.751 Thread 0x000001a73c18e930 Implicit null exception at 0x000001a72944b6e4 to 0x000001a72944eeec
Event: 396.401 Thread 0x000001a73c18e930 Exception <a 'sun/nio/fs/WindowsException'{0x00000000c7f088f0}> (0x00000000c7f088f0) 
thrown [s\src\hotspot\share\prims\jni.cpp, line 516]
Event: 396.401 Thread 0x000001a73c18e930 Exception <a 'sun/nio/fs/WindowsException'{0x00000000c7f08ef8}> (0x00000000c7f08ef8) 
thrown [s\src\hotspot\share\prims\jni.cpp, line 516]
Event: 396.405 Thread 0x000001a73c18e930 Exception <a 'sun/nio/fs/WindowsException'{0x00000000c7f095d0}> (0x00000000c7f095d0) 
thrown [s\src\hotspot\share\prims\jni.cpp, line 516]
Event: 396.517 Thread 0x000001a73c18e930 Exception <a 'java/io/FileNotFoundException'{0x00000000c7f3d510}> (0x00000000c7f3d510) 
thrown [s\src\hotspot\share\prims\jni.cpp, line 516]
Event: 396.661 Thread 0x000001a73c18e930 Exception <a 'java/io/FileNotFoundException'{0x00000000c7ec2fe0}> (0x00000000c7ec2fe0) 
thrown [s\src\hotspot\share\prims\jni.cpp, line 516]
Event: 396.823 Thread 0x000001a73c18e930 Exception <a 'sun/nio/fs/WindowsException'{0x00000000c932c600}> (0x00000000c932c600) 
thrown [s\src\hotspot\share\prims\jni.cpp, line 516]

VM Operations (20 events):
Event: 394.423 Executing VM operation: G1PauseRemark
Event: 394.431 Executing VM operation: G1PauseRemark done
Event: 394.445 Executing VM operation: G1PauseCleanup
Event: 394.445 Executing VM operation: G1PauseCleanup done
Event: 395.458 Executing VM operation: Cleanup
Event: 395.481 Executing VM operation: Cleanup done
Event: 395.752 Executing VM operation: HandshakeAllThreads
Event: 395.784 Executing VM operation: HandshakeAllThreads done
Event: 395.835 Executing VM operation: HandshakeAllThreads
Event: 395.835 Executing VM operation: HandshakeAllThreads done
Event: 395.936 Executing VM operation: G1CollectForAllocation
Event: 395.951 Executing VM operation: G1CollectForAllocation done
Event: 395.951 Executing VM operation: HandshakeAllThreads
Event: 395.951 Executing VM operation: HandshakeAllThreads done
Event: 396.789 Executing VM operation: G1CollectForAllocation
Event: 396.796 Executing VM operation: G1CollectForAllocation done
Event: 396.832 Executing VM operation: G1PauseRemark
Event: 396.837 Executing VM operation: G1PauseRemark done
Event: 396.854 Executing VM operation: G1PauseCleanup
Event: 396.854 Executing VM operation: G1PauseCleanup done

Events (20 events):
Event: 395.982 Thread 0x000001a7357642e0 flushing nmethod 0x000001a722056890
Event: 395.982 Thread 0x000001a7357642e0 flushing nmethod 0x000001a722057a90
Event: 395.982 Thread 0x000001a7357642e0 flushing nmethod 0x000001a72205af90
Event: 395.982 Thread 0x000001a7357642e0 flushing nmethod 0x000001a722061a10
Event: 395.983 Thread 0x000001a7357642e0 flushing nmethod 0x000001a72207ed10
Event: 395.983 Thread 0x000001a7357642e0 flushing nmethod 0x000001a7220b2f10
Event: 395.983 Thread 0x000001a7357642e0 flushing nmethod 0x000001a7220b3490
Event: 395.986 Thread 0x000001a7357642e0 flushing nmethod 0x000001a7220b3910
Event: 395.986 Thread 0x000001a7357642e0 flushing nmethod 0x000001a7220b4210
Event: 395.986 Thread 0x000001a7357642e0 flushing nmethod 0x000001a7220b4810
Event: 395.986 Thread 0x000001a7357642e0 flushing nmethod 0x000001a7220b4e90
Event: 395.986 Thread 0x000001a7357642e0 flushing nmethod 0x000001a7220be810
Event: 395.986 Thread 0x000001a7357642e0 flushing nmethod 0x000001a7220bf910
Event: 395.986 Thread 0x000001a7357642e0 flushing nmethod 0x000001a7220c0790
Event: 395.986 Thread 0x000001a7357642e0 flushing nmethod 0x000001a7220c2890
Event: 395.986 Thread 0x000001a7357642e0 flushing nmethod 0x000001a7220c3510
Event: 395.986 Thread 0x000001a7357642e0 flushing nmethod 0x000001a7220c5610
Event: 396.665 Thread 0x000001a73c18cad0 Thread added: 0x000001a73c18cad0
Event: 396.666 Thread 0x000001a73c18fd70 Thread added: 0x000001a73c18fd70
Event: 396.666 Thread 0x000001a73c18c0b0 Thread added: 0x000001a73c18c0b0


Dynamic libraries:
0x00007ff741b50000 - 0x00007ff741b5e000 	D:\New Folder\sts-4.20.1.RELEASE\plugins\org.eclipse.justj.openjdk.hotspot.jre.full.win32.x86_64_17.0.8.v20230831-1047\jre\bin\javaw.exe
0x00007ff848d70000 - 0x00007ff848f87000 	C:\WINDOWS\SYSTEM32\ntdll.dll
0x00007ff847300000 - 0x00007ff8473c4000 	C:\WINDOWS\System32\KERNEL32.DLL
0x00007ff8460e0000 - 0x00007ff846486000 	C:\WINDOWS\System32\KERNELBASE.dll
0x00007ff846930000 - 0x00007ff846a41000 	C:\WINDOWS\System32\ucrtbase.dll
0x00007ff8313e0000 - 0x00007ff8313f7000 	D:\New Folder\sts-4.20.1.RELEASE\plugins\org.eclipse.justj.openjdk.hotspot.jre.full.win32.x86_64_17.0.8.v20230831-1047\jre\bin\jli.dll
0x00007ff8313c0000 - 0x00007ff8313d9000 	D:\New Folder\sts-4.20.1.RELEASE\plugins\org.eclipse.justj.openjdk.hotspot.jre.full.win32.x86_64_17.0.8.v20230831-1047\jre\bin\VCRUNTIME140.dll
0x00007ff848670000 - 0x00007ff84881e000 	C:\WINDOWS\System32\USER32.dll
0x00007ff846490000 - 0x00007ff8464b6000 	C:\WINDOWS\System32\win32u.dll
0x00007ff848c20000 - 0x00007ff848c49000 	C:\WINDOWS\System32\GDI32.dll
0x00007ff8466d0000 - 0x00007ff8467e8000 	C:\WINDOWS\System32\gdi32full.dll
0x00007ff846630000 - 0x00007ff8466ca000 	C:\WINDOWS\System32\msvcp_win.dll
0x00007ff82dc10000 - 0x00007ff82dea3000 	C:\WINDOWS\WinSxS\amd64_microsoft.windows.common-controls_6595b64144ccf1df_6.0.22621.2506_none_270c5ae97388e100\COMCTL32.dll
0x00007ff847740000 - 0x00007ff8477e7000 	C:\WINDOWS\System32\msvcrt.dll
0x00007ff847520000 - 0x00007ff847551000 	C:\WINDOWS\System32\IMM32.DLL
0x00007ff83e790000 - 0x00007ff83e79c000 	D:\New Folder\sts-4.20.1.RELEASE\plugins\org.eclipse.justj.openjdk.hotspot.jre.full.win32.x86_64_17.0.8.v20230831-1047\jre\bin\vcruntime140_1.dll
0x00007ff8129d0000 - 0x00007ff812a61000 	D:\New Folder\sts-4.20.1.RELEASE\plugins\org.eclipse.justj.openjdk.hotspot.jre.full.win32.x86_64_17.0.8.v20230831-1047\jre\bin\msvcp140.dll
0x00007fffd5650000 - 0x00007fffd629c000 	D:\New Folder\sts-4.20.1.RELEASE\plugins\org.eclipse.justj.openjdk.hotspot.jre.full.win32.x86_64_17.0.8.v20230831-1047\jre\bin\server\jvm.dll
0x00007ff8473f0000 - 0x00007ff8474a1000 	C:\WINDOWS\System32\ADVAPI32.dll
0x00007ff847b90000 - 0x00007ff847c35000 	C:\WINDOWS\System32\sechost.dll
0x00007ff847610000 - 0x00007ff847727000 	C:\WINDOWS\System32\RPCRT4.dll
0x00007ff845fb0000 - 0x00007ff845ffd000 	C:\WINDOWS\SYSTEM32\POWRPROF.dll
0x00007ff8413b0000 - 0x00007ff8413b9000 	C:\WINDOWS\SYSTEM32\WSOCK32.dll
0x00007ff834dd0000 - 0x00007ff834e04000 	C:\WINDOWS\SYSTEM32\WINMM.dll
0x00007ff83fe90000 - 0x00007ff83fe9a000 	C:\WINDOWS\SYSTEM32\VERSION.dll
0x00007ff848c50000 - 0x00007ff848cc1000 	C:\WINDOWS\System32\WS2_32.dll
0x00007ff845f90000 - 0x00007ff845fa3000 	C:\WINDOWS\SYSTEM32\UMPDC.dll
0x00007ff8450a0000 - 0x00007ff8450b8000 	C:\WINDOWS\SYSTEM32\kernel.appcore.dll
0x00007ff842ff0000 - 0x00007ff842ffa000 	D:\New Folder\sts-4.20.1.RELEASE\plugins\org.eclipse.justj.openjdk.hotspot.jre.full.win32.x86_64_17.0.8.v20230831-1047\jre\bin\jimage.dll
0x00007ff843b40000 - 0x00007ff843d73000 	C:\WINDOWS\SYSTEM32\DBGHELP.DLL
0x00007ff847800000 - 0x00007ff847b89000 	C:\WINDOWS\System32\combase.dll
0x00007ff847190000 - 0x00007ff847267000 	C:\WINDOWS\System32\OLEAUT32.dll
0x00007ff840240000 - 0x00007ff840272000 	C:\WINDOWS\SYSTEM32\dbgcore.DLL
0x00007ff8468b0000 - 0x00007ff84692a000 	C:\WINDOWS\System32\bcryptPrimitives.dll
0x00007ff83e710000 - 0x00007ff83e735000 	D:\New Folder\sts-4.20.1.RELEASE\plugins\org.eclipse.justj.openjdk.hotspot.jre.full.win32.x86_64_17.0.8.v20230831-1047\jre\bin\java.dll
0x00007ff83e6e0000 - 0x00007ff83e6f8000 	D:\New Folder\sts-4.20.1.RELEASE\plugins\org.eclipse.justj.openjdk.hotspot.jre.full.win32.x86_64_17.0.8.v20230831-1047\jre\bin\zip.dll
0x00007ff847c40000 - 0x00007ff84849a000 	C:\WINDOWS\System32\SHELL32.dll
0x00007ff843fb0000 - 0x00007ff8448a6000 	C:\WINDOWS\SYSTEM32\windows.storage.dll
0x00007ff843e70000 - 0x00007ff843fae000 	C:\WINDOWS\SYSTEM32\wintypes.dll
0x00007ff848a20000 - 0x00007ff848b13000 	C:\WINDOWS\System32\SHCORE.dll
0x00007ff847560000 - 0x00007ff8475be000 	C:\WINDOWS\System32\shlwapi.dll
0x00007ff846010000 - 0x00007ff846036000 	C:\WINDOWS\SYSTEM32\profapi.dll
0x00007ff83e030000 - 0x00007ff83e049000 	D:\New Folder\sts-4.20.1.RELEASE\plugins\org.eclipse.justj.openjdk.hotspot.jre.full.win32.x86_64_17.0.8.v20230831-1047\jre\bin\net.dll
0x00007ff840ab0000 - 0x00007ff840be7000 	C:\WINDOWS\SYSTEM32\WINHTTP.dll
0x00007ff845510000 - 0x00007ff845579000 	C:\WINDOWS\system32\mswsock.dll
0x00007ff83dca0000 - 0x00007ff83dcb5000 	D:\New Folder\sts-4.20.1.RELEASE\plugins\org.eclipse.justj.openjdk.hotspot.jre.full.win32.x86_64_17.0.8.v20230831-1047\jre\bin\nio.dll
0x00007ff83e840000 - 0x00007ff83e849000 	D:\New Folder\sts-4.20.1.RELEASE\plugins\org.eclipse.justj.openjdk.hotspot.jre.full.win32.x86_64_17.0.8.v20230831-1047\jre\bin\management.dll
0x00007ff83e820000 - 0x00007ff83e82b000 	D:\New Folder\sts-4.20.1.RELEASE\plugins\org.eclipse.justj.openjdk.hotspot.jre.full.win32.x86_64_17.0.8.v20230831-1047\jre\bin\management_ext.dll
0x00007ff8484a0000 - 0x00007ff8484a8000 	C:\WINDOWS\System32\PSAPI.DLL
0x00007ff831110000 - 0x00007ff83111e000 	D:\New Folder\sts-4.20.1.RELEASE\plugins\org.eclipse.justj.openjdk.hotspot.jre.full.win32.x86_64_17.0.8.v20230831-1047\jre\bin\sunmscapi.dll
0x00007ff8464c0000 - 0x00007ff846626000 	C:\WINDOWS\System32\CRYPT32.dll
0x00007ff845970000 - 0x00007ff84599d000 	C:\WINDOWS\SYSTEM32\ncrypt.dll
0x00007ff845930000 - 0x00007ff845967000 	C:\WINDOWS\SYSTEM32\NTASN1.dll
0x00007ff845720000 - 0x00007ff84573b000 	C:\WINDOWS\SYSTEM32\CRYPTSP.dll
0x00007ff845000000 - 0x00007ff845035000 	C:\WINDOWS\system32\rsaenh.dll
0x00007ff8455c0000 - 0x00007ff8455ec000 	C:\WINDOWS\SYSTEM32\USERENV.dll
0x00007ff8459a0000 - 0x00007ff8459c8000 	C:\WINDOWS\SYSTEM32\bcrypt.dll
0x00007ff845740000 - 0x00007ff84574c000 	C:\WINDOWS\SYSTEM32\CRYPTBASE.dll
0x00007ff844b50000 - 0x00007ff844b7d000 	C:\WINDOWS\SYSTEM32\IPHLPAPI.DLL
0x00007ff847730000 - 0x00007ff847739000 	C:\WINDOWS\System32\NSI.dll
0x00007ff840d50000 - 0x00007ff840d69000 	C:\WINDOWS\SYSTEM32\dhcpcsvc6.DLL
0x00007ff840a50000 - 0x00007ff840a6f000 	C:\WINDOWS\SYSTEM32\dhcpcsvc.DLL
0x00007ff844bd0000 - 0x00007ff844cc9000 	C:\WINDOWS\SYSTEM32\DNSAPI.dll
0x00007ff83e780000 - 0x00007ff83e790000 	D:\New Folder\sts-4.20.1.RELEASE\plugins\org.eclipse.justj.openjdk.hotspot.jre.full.win32.x86_64_17.0.8.v20230831-1047\jre\bin\verify.dll
0x00007ff8371b0000 - 0x00007ff8371ba000 	C:\Windows\System32\rasadhlp.dll
0x00007ff83fa90000 - 0x00007ff83fb13000 	C:\WINDOWS\System32\fwpuclnt.dll
0x00007ff83e610000 - 0x00007ff83e618000 	C:\WINDOWS\system32\wshunix.dll

dbghelp: loaded successfully - version: 4.0.5 - missing functions: none
symbol engine: initialized successfully - sym options: 0x614 - pdb path: .;D:\New Folder\sts-4.20.1.RELEASE\plugins\org.eclipse.justj.openjdk.hotspot.jre.full.win32.x86_64_17.0.8.v20230831-1047\jre\bin;C:\WINDOWS\SYSTEM32;C:\WINDOWS\WinSxS\amd64_microsoft.windows.common-controls_6595b64144ccf1df_6.0.22621.2506_none_270c5ae97388e100;D:\New Folder\sts-4.20.1.RELEASE\plugins\org.eclipse.justj.openjdk.hotspot.jre.full.win32.x86_64_17.0.8.v20230831-1047\jre\bin\server

VM Arguments:
jvm_args: -Dfile.encoding=UTF-8 -Dstdout.encoding=UTF-8 -Dstderr.encoding=UTF-8 -XX:+ShowCodeDetailsInExceptionMessages 
java_command: com.blogApp.BlogAppApisApplication
java_class_path (initial): C:\Users\USER\Desktop\blogApp\blogAppApis\target\classes;C:\Users\USER\.m2\repository\org\springframework\boot\spring-boot-starter-data-jpa\3.2.1\spring-boot-starter-data-jpa-3.2.1.jar;C:\Users\USER\.m2\repository\org\springframework\boot\spring-boot-starter-aop\3.2.1\spring-boot-starter-aop-3.2.1.jar;C:\Users\USER\.m2\repository\org\springframework\spring-aop\6.1.2\spring-aop-6.1.2.jar;C:\Users\USER\.m2\repository\org\aspectj\aspectjweaver\1.9.21\aspectjweaver-1.9.21.jar;C:\Users\USER\.m2\repository\org\springframework\boot\spring-boot-starter-jdbc\3.2.1\spring-boot-starter-jdbc-3.2.1.jar;C:\Users\USER\.m2\repository\com\zaxxer\HikariCP\5.0.1\HikariCP-5.0.1.jar;C:\Users\USER\.m2\repository\org\springframework\spring-jdbc\6.1.2\spring-jdbc-6.1.2.jar;C:\Users\USER\.m2\repository\org\hibernate\orm\hibernate-core\6.4.1.Final\hibernate-core-6.4.1.Final.jar;C:\Users\USER\.m2\repository\jakarta\persistence\jakarta.persistence-api\3.1.0\jakarta.persistence-api-3.1.0.jar;C:\Users\USER\.m2\repository\jakarta\transaction\jakarta.transaction-api\2.0.1\jakarta.transaction-api-2.0.1.jar;C:\Users\USER\.m2\repository\org\jboss\logging\jboss-logging\3.5.3.Final\jboss-logging-3.5.3.Final.jar;C:\Users\USER\.m2\repository\org\hibernate\common\hibernate-commons-annotations\6.0.6.Final\hibernate-commons-annotations-6.0.6.Final.jar;C:\Users\USER\.m2\repository\io\smallrye\jandex\3.1.2\jandex-3.1.2.jar;C:\Users\USER\.m2\repository\com\fasterxml\classmate\1.6.0\classmate-1.6.0.jar;C:\Users\USER\.m2\repository\net\bytebuddy\byte-buddy\1.14.10\byte-buddy-1.14.10.jar;C:\Users\USER\.m2\repository\org\glassfish\jaxb\jaxb-runtime\4.0.4\jaxb-runtime-4.0.4.jar;C:\Users\USER\.m2\repository\org\glassfish\jaxb\jaxb-core\4.0.4\jaxb-core-4.0.4.jar;C:\Users\USER\.m2\repository\org\eclipse\angus\angus-activation\2.0.1\angus-activation-2.0.1.jar;C:\Users\USER\.m2\repository\org\glassfish\jaxb\txw2\4.0.4\txw2-4.0.4.jar;C:\Users\USER\.m2\repository\com\sun\istack\istack-commons-
Launcher Type: SUN_STANDARD

[Global flags]
     intx CICompilerCount                          = 4                                         {product} {ergonomic}
     uint ConcGCThreads                            = 2                                         {product} {ergonomic}
     uint G1ConcRefinementThreads                  = 8                                         {product} {ergonomic}
   size_t G1HeapRegionSize                         = 1048576                                   {product} {ergonomic}
    uintx GCDrainStackTargetSize                   = 64                                        {product} {ergonomic}
   size_t InitialHeapSize                          = 62914560                                  {product} {ergonomic}
   size_t MarkStackSize                            = 4194304                                   {product} {ergonomic}
   size_t MaxHeapSize                              = 981467136                                 {product} {ergonomic}
   size_t MaxNewSize                               = 588251136                                 {product} {ergonomic}
   size_t MinHeapDeltaBytes                        = 1048576                                   {product} {ergonomic}
   size_t MinHeapSize                              = 8388608                                   {product} {ergonomic}
    uintx NonNMethodCodeHeapSize                   = 5839372                                {pd product} {ergonomic}
    uintx NonProfiledCodeHeapSize                  = 122909434                              {pd product} {ergonomic}
    uintx ProfiledCodeHeapSize                     = 122909434                              {pd product} {ergonomic}
    uintx ReservedCodeCacheSize                    = 251658240                              {pd product} {ergonomic}
     bool SegmentedCodeCache                       = true                                      {product} {ergonomic}
     bool ShowCodeDetailsInExceptionMessages       = true                                   {manageable} {command line}
   size_t SoftMaxHeapSize                          = 981467136                              {manageable} {ergonomic}
     bool UseCompressedClassPointers               = true                           {product lp64_product} {ergonomic}
     bool UseCompressedOops                        = true                           {product lp64_product} {ergonomic}
     bool UseG1GC                                  = true                                      {product} {ergonomic}
     bool UseLargePagesIndividualAllocation        = false                                  {pd product} {ergonomic}

Logging:
Log output configuration:
 #0: stdout all=warning uptime,level,tags
 #1: stderr all=off uptime,level,tags

Environment Variables:
JAVA_HOME=C:\Program Files\Java\jdk-17
PATH=D:/New Folder/sts-4.20.1.RELEASE//plugins/org.eclipse.justj.openjdk.hotspot.jre.full.win32.x86_64_17.0.8.v20230831-1047/jre/bin/server;D:/New Folder/sts-4.20.1.RELEASE//plugins/org.eclipse.justj.openjdk.hotspot.jre.full.win32.x86_64_17.0.8.v20230831-1047/jre/bin;C:\Program Files\Common Files\Oracle\Java\javapath;C:\WINDOWS\system32;C:\WINDOWS;C:\WINDOWS\System32\Wbem;C:\WINDOWS\System32\WindowsPowerShell\v1.0\;C:\WINDOWS\System32\OpenSSH\;C:\Program Files\Java\jdk-17\bin;;C:\Program Files\Docker\Docker\resources\bin;C:\Users\USER\AppData\Local\Microsoft\WindowsApps;C:\Users\USER\AppData\Local\Programs\Git\cmd;C:\Users\USER\AppData\Local\Programs\Microsoft VS Code\bin;C:\Program Files\MongoDB\Server\7.0\bin;C:\Users\USER\AppData\Local\Programs\mongosh\;D:\New Folder\sts-4.20.1.RELEASE;
USERNAME=USER
OS=Windows_NT
PROCESSOR_IDENTIFIER=Intel64 Family 6 Model 165 Stepping 3, GenuineIntel
TMP=C:\Users\USER\AppData\Local\Temp
TEMP=C:\Users\USER\AppData\Local\Temp



---------------  S Y S T E M  ---------------

OS:
 Windows 11 , 64 bit Build 22621 (10.0.22621.2506)
OS uptime: 4 days 6:09 hours
Hyper-V role detected

CPU: total 8 (initial active 8) (4 cores per cpu, 2 threads per core) family 6 model 165 stepping 3 microcode 0xe0, cx8, cmov, fxsr, ht, mmx, 3dnowpref, sse, sse2, sse3, ssse3, sse4.1, sse4.2, popcnt, lzcnt, tsc, tscinvbit, avx, avx2, aes, erms, clmul, bmi1, bmi2, adx, fma, vzeroupper, clflush, clflushopt, hv
Processor Information for all 8 processors :
  Max Mhz: 3600, Current Mhz: 3600, Mhz Limit: 3600

Memory: 4k page, system-wide physical 3739M (115M free)
TotalPageFile size 15003M (AvailPageFile size 169M)
current process WorkingSet (physical memory assigned to process): 151M, peak: 214M
current process commit charge ("private bytes"): 237M, peak: 243M

vm_info: OpenJDK 64-Bit Server VM (17.0.8.1+1) for windows-amd64 JRE (17.0.8.1+1), built on Aug 23 2023 15:29:17 by "admin" with MS VC++ 16.7 (VS2019)

END.
